[debug] [2024-06-16T19:57:49.996Z] ----------------------------------------------------------------------
[debug] [2024-06-16T19:57:49.998Z] Command:       /opt/homebrew/Cellar/node/21.4.0/bin/node /opt/homebrew/bin/firebase deploy
[debug] [2024-06-16T19:57:49.998Z] CLI Version:   13.0.2
[debug] [2024-06-16T19:57:49.998Z] Platform:      darwin
[debug] [2024-06-16T19:57:49.998Z] Node Version:  v21.4.0
[debug] [2024-06-16T19:57:49.998Z] Time:          Sun Jun 16 2024 12:57:49 GMT-0700 (Pacific Daylight Time)
[debug] [2024-06-16T19:57:49.998Z] ----------------------------------------------------------------------
[debug] 
[debug] [2024-06-16T19:57:50.039Z] > command requires scopes: ["email","openid","https://www.googleapis.com/auth/cloudplatformprojects.readonly","https://www.googleapis.com/auth/firebase","https://www.googleapis.com/auth/cloud-platform"]
[debug] [2024-06-16T19:57:50.039Z] > authorizing via signed-in user (ping94223@hotmail.com)
[debug] [2024-06-16T19:57:50.039Z] [iam] checking project profh-2298e for permissions ["cloudfunctions.functions.create","cloudfunctions.functions.delete","cloudfunctions.functions.get","cloudfunctions.functions.list","cloudfunctions.functions.update","cloudfunctions.operations.get","firebase.projects.get","firebasehosting.sites.update"]
[debug] [2024-06-16T19:57:50.040Z] > refreshing access token with scopes: []
[debug] [2024-06-16T19:57:50.041Z] >>> [apiv2][query] POST https://www.googleapis.com/oauth2/v3/token [none]
[debug] [2024-06-16T19:57:50.041Z] >>> [apiv2][body] POST https://www.googleapis.com/oauth2/v3/token [omitted]
[debug] [2024-06-16T19:57:50.173Z] <<< [apiv2][status] POST https://www.googleapis.com/oauth2/v3/token 400
[debug] [2024-06-16T19:57:50.173Z] <<< [apiv2][body] POST https://www.googleapis.com/oauth2/v3/token [omitted]
[debug] [2024-06-16T19:57:50.173Z] >>> [apiv2][query] POST https://cloudresourcemanager.googleapis.com/v1/projects/profh-2298e:testIamPermissions [none]
[debug] [2024-06-16T19:57:50.173Z] >>> [apiv2][(partial)header] POST https://cloudresourcemanager.googleapis.com/v1/projects/profh-2298e:testIamPermissions x-goog-quota-user=projects/profh-2298e
[debug] [2024-06-16T19:57:50.173Z] >>> [apiv2][body] POST https://cloudresourcemanager.googleapis.com/v1/projects/profh-2298e:testIamPermissions {"permissions":["cloudfunctions.functions.create","cloudfunctions.functions.delete","cloudfunctions.functions.get","cloudfunctions.functions.list","cloudfunctions.functions.update","cloudfunctions.operations.get","firebase.projects.get","firebasehosting.sites.update"]}
[debug] [2024-06-16T19:57:50.619Z] <<< [apiv2][status] POST https://cloudresourcemanager.googleapis.com/v1/projects/profh-2298e:testIamPermissions 401
[debug] [2024-06-16T19:57:50.619Z] <<< [apiv2][body] POST https://cloudresourcemanager.googleapis.com/v1/projects/profh-2298e:testIamPermissions {"error":{"code":401,"message":"Request had invalid authentication credentials. Expected OAuth 2 access token, login cookie or other valid authentication credential. See https://developers.google.com/identity/sign-in/web/devconsole-project.","status":"UNAUTHENTICATED","details":[{"@type":"type.googleapis.com/google.rpc.ErrorInfo","reason":"ACCESS_TOKEN_TYPE_UNSUPPORTED","metadata":{"method":"google.cloudresourcemanager.v1.Projects.TestIamPermissions","service":"cloudresourcemanager.googleapis.com"}}]}}
[debug] [2024-06-16T19:57:50.620Z] [iam] error while checking permissions, command may fail: FirebaseError: HTTP Error: 401, Request had invalid authentication credentials. Expected OAuth 2 access token, login cookie or other valid authentication credential. See https://developers.google.com/identity/sign-in/web/devconsole-project.
[debug] [2024-06-16T19:57:50.620Z] > refreshing access token with scopes: []
[debug] [2024-06-16T19:57:50.621Z] >>> [apiv2][query] POST https://www.googleapis.com/oauth2/v3/token [none]
[debug] [2024-06-16T19:57:50.621Z] >>> [apiv2][body] POST https://www.googleapis.com/oauth2/v3/token [omitted]
[debug] [2024-06-16T19:57:50.698Z] <<< [apiv2][status] POST https://www.googleapis.com/oauth2/v3/token 400
[debug] [2024-06-16T19:57:50.698Z] <<< [apiv2][body] POST https://www.googleapis.com/oauth2/v3/token [omitted]
[debug] [2024-06-16T19:57:50.698Z] >>> [apiv2][query] POST https://iam.googleapis.com/v1/projects/profh-2298e/serviceAccounts/profh-2298e@appspot.gserviceaccount.com:testIamPermissions [none]
[debug] [2024-06-16T19:57:50.698Z] >>> [apiv2][body] POST https://iam.googleapis.com/v1/projects/profh-2298e/serviceAccounts/profh-2298e@appspot.gserviceaccount.com:testIamPermissions {"permissions":["iam.serviceAccounts.actAs"]}
[debug] [2024-06-16T19:57:51.085Z] <<< [apiv2][status] POST https://iam.googleapis.com/v1/projects/profh-2298e/serviceAccounts/profh-2298e@appspot.gserviceaccount.com:testIamPermissions 401
[debug] [2024-06-16T19:57:51.085Z] <<< [apiv2][body] POST https://iam.googleapis.com/v1/projects/profh-2298e/serviceAccounts/profh-2298e@appspot.gserviceaccount.com:testIamPermissions {"error":{"code":401,"message":"Request had invalid authentication credentials. Expected OAuth 2 access token, login cookie or other valid authentication credential. See https://developers.google.com/identity/sign-in/web/devconsole-project.","status":"UNAUTHENTICATED","details":[{"@type":"type.googleapis.com/google.rpc.ErrorInfo","reason":"ACCESS_TOKEN_TYPE_UNSUPPORTED","metadata":{"method":"google.iam.admin.v1.IAM.TestIamPermissions","service":"iam.googleapis.com"}}]}}
[debug] [2024-06-16T19:57:51.085Z] [functions] service account IAM check errored, deploy may fail: HTTP Error: 401, Request had invalid authentication credentials. Expected OAuth 2 access token, login cookie or other valid authentication credential. See https://developers.google.com/identity/sign-in/web/devconsole-project. {"name":"FirebaseError","children":[],"context":{"body":{"error":{"code":401,"message":"Request had invalid authentication credentials. Expected OAuth 2 access token, login cookie or other valid authentication credential. See https://developers.google.com/identity/sign-in/web/devconsole-project.","status":"UNAUTHENTICATED","details":[{"@type":"type.googleapis.com/google.rpc.ErrorInfo","reason":"ACCESS_TOKEN_TYPE_UNSUPPORTED","metadata":{"method":"google.iam.admin.v1.IAM.TestIamPermissions","service":"iam.googleapis.com"}}]}},"response":{"statusCode":401}},"exit":1,"message":"HTTP Error: 401, Request had invalid authentication credentials. Expected OAuth 2 access token, login cookie or other valid authentication credential. See https://developers.google.com/identity/sign-in/web/devconsole-project.","status":401}
[debug] [2024-06-16T19:57:51.086Z] > refreshing access token with scopes: []
[debug] [2024-06-16T19:57:51.087Z] >>> [apiv2][query] POST https://www.googleapis.com/oauth2/v3/token [none]
[debug] [2024-06-16T19:57:51.087Z] >>> [apiv2][body] POST https://www.googleapis.com/oauth2/v3/token [omitted]
[debug] [2024-06-16T19:57:51.151Z] <<< [apiv2][status] POST https://www.googleapis.com/oauth2/v3/token 400
[debug] [2024-06-16T19:57:51.151Z] <<< [apiv2][body] POST https://www.googleapis.com/oauth2/v3/token [omitted]
[debug] [2024-06-16T19:57:51.152Z] >>> [apiv2][query] GET https://firebase.googleapis.com/v1beta1/projects/profh-2298e [none]
[debug] [2024-06-16T19:57:51.369Z] <<< [apiv2][status] GET https://firebase.googleapis.com/v1beta1/projects/profh-2298e 401
[debug] [2024-06-16T19:57:51.369Z] <<< [apiv2][body] GET https://firebase.googleapis.com/v1beta1/projects/profh-2298e {"error":{"code":401,"message":"Request had invalid authentication credentials. Expected OAuth 2 access token, login cookie or other valid authentication credential. See https://developers.google.com/identity/sign-in/web/devconsole-project.","status":"UNAUTHENTICATED"}}
[debug] [2024-06-16T19:57:51.369Z] HTTP Error: 401, Request had invalid authentication credentials. Expected OAuth 2 access token, login cookie or other valid authentication credential. See https://developers.google.com/identity/sign-in/web/devconsole-project.
[error] 
[error] Error: Assertion failed: resolving hosting target of a site with no site name or target name. This should have caused an error earlier
[debug] [2024-06-16T19:58:21.237Z] ----------------------------------------------------------------------
[debug] [2024-06-16T19:58:21.239Z] Command:       /opt/homebrew/Cellar/node/21.4.0/bin/node /opt/homebrew/bin/firebase init
[debug] [2024-06-16T19:58:21.239Z] CLI Version:   13.0.2
[debug] [2024-06-16T19:58:21.240Z] Platform:      darwin
[debug] [2024-06-16T19:58:21.240Z] Node Version:  v21.4.0
[debug] [2024-06-16T19:58:21.240Z] Time:          Sun Jun 16 2024 12:58:21 GMT-0700 (Pacific Daylight Time)
[debug] [2024-06-16T19:58:21.240Z] ----------------------------------------------------------------------
[debug] 
[debug] [2024-06-16T19:58:21.281Z] > command requires scopes: ["email","openid","https://www.googleapis.com/auth/cloudplatformprojects.readonly","https://www.googleapis.com/auth/firebase","https://www.googleapis.com/auth/cloud-platform"]
[debug] [2024-06-16T19:58:21.281Z] > authorizing via signed-in user (ping94223@hotmail.com)
[info] 
     ######## #### ########  ######## ########     ###     ######  ########
     ##        ##  ##     ## ##       ##     ##  ##   ##  ##       ##
     ######    ##  ########  ######   ########  #########  ######  ######
     ##        ##  ##    ##  ##       ##     ## ##     ##       ## ##
     ##       #### ##     ## ######## ########  ##     ##  ######  ########

You're about to initialize a Firebase project in this directory:

  /Users/liping/Desktop/senior_project

Before we get started, keep in mind:

  * You are initializing within an existing Firebase project directory

[info] 
=== Project Setup
[info] 
[info] First, let's associate this project directory with a Firebase project.
[info] You can create multiple project aliases by running firebase use --add, 
[info] but for now we'll just set up a default project.
[info] 
[debug] [2024-06-16T19:59:03.713Z] Using project from CLI flag: profh-2298e
[debug] [2024-06-16T19:59:03.714Z] > refreshing access token with scopes: []
[debug] [2024-06-16T19:59:03.715Z] >>> [apiv2][query] POST https://www.googleapis.com/oauth2/v3/token [none]
[debug] [2024-06-16T19:59:03.715Z] >>> [apiv2][body] POST https://www.googleapis.com/oauth2/v3/token [omitted]
[debug] [2024-06-16T19:59:03.842Z] <<< [apiv2][status] POST https://www.googleapis.com/oauth2/v3/token 400
[debug] [2024-06-16T19:59:03.842Z] <<< [apiv2][body] POST https://www.googleapis.com/oauth2/v3/token [omitted]
[debug] [2024-06-16T19:59:03.842Z] >>> [apiv2][query] GET https://firebase.googleapis.com/v1beta1/projects/profh-2298e [none]
[debug] [2024-06-16T19:59:03.931Z] <<< [apiv2][status] GET https://firebase.googleapis.com/v1beta1/projects/profh-2298e 401
[debug] [2024-06-16T19:59:03.932Z] <<< [apiv2][body] GET https://firebase.googleapis.com/v1beta1/projects/profh-2298e {"error":{"code":401,"message":"Request had invalid authentication credentials. Expected OAuth 2 access token, login cookie or other valid authentication credential. See https://developers.google.com/identity/sign-in/web/devconsole-project.","status":"UNAUTHENTICATED"}}
[debug] [2024-06-16T19:59:03.932Z] HTTP Error: 401, Request had invalid authentication credentials. Expected OAuth 2 access token, login cookie or other valid authentication credential. See https://developers.google.com/identity/sign-in/web/devconsole-project.
[debug] [2024-06-16T19:59:03.994Z] FirebaseError: HTTP Error: 401, Request had invalid authentication credentials. Expected OAuth 2 access token, login cookie or other valid authentication credential. See https://developers.google.com/identity/sign-in/web/devconsole-project.
    at responseToError (/opt/homebrew/Cellar/firebase-cli/13.0.2/libexec/lib/node_modules/firebase-tools/lib/responseToError.js:49:12)
    at RetryOperation._fn (/opt/homebrew/Cellar/firebase-cli/13.0.2/libexec/lib/node_modules/firebase-tools/lib/apiv2.js:292:77)
    at process.processTicksAndRejections (node:internal/process/task_queues:95:5)
[error] 
[error] Error: Failed to get Firebase project profh-2298e. Please make sure the project exists and your account has permission to access it.
[debug] [2024-06-16T20:01:53.629Z] ----------------------------------------------------------------------
[debug] [2024-06-16T20:01:53.632Z] Command:       /opt/homebrew/Cellar/node/21.4.0/bin/node /opt/homebrew/bin/firebase deploy
[debug] [2024-06-16T20:01:53.632Z] CLI Version:   13.0.2
[debug] [2024-06-16T20:01:53.632Z] Platform:      darwin
[debug] [2024-06-16T20:01:53.632Z] Node Version:  v21.4.0
[debug] [2024-06-16T20:01:53.632Z] Time:          Sun Jun 16 2024 13:01:53 GMT-0700 (Pacific Daylight Time)
[debug] [2024-06-16T20:01:53.632Z] ----------------------------------------------------------------------
[debug] 
[debug] [2024-06-16T20:01:53.674Z] > command requires scopes: ["email","openid","https://www.googleapis.com/auth/cloudplatformprojects.readonly","https://www.googleapis.com/auth/firebase","https://www.googleapis.com/auth/cloud-platform"]
[debug] [2024-06-16T20:01:53.674Z] > authorizing via signed-in user (ping94223@hotmail.com)
[debug] [2024-06-16T20:01:53.675Z] [iam] checking project profh-2298e for permissions ["cloudfunctions.functions.create","cloudfunctions.functions.delete","cloudfunctions.functions.get","cloudfunctions.functions.list","cloudfunctions.functions.update","cloudfunctions.operations.get","firebase.projects.get","firebasehosting.sites.update"]
[debug] [2024-06-16T20:01:53.675Z] > refreshing access token with scopes: []
[debug] [2024-06-16T20:01:53.676Z] >>> [apiv2][query] POST https://www.googleapis.com/oauth2/v3/token [none]
[debug] [2024-06-16T20:01:53.676Z] >>> [apiv2][body] POST https://www.googleapis.com/oauth2/v3/token [omitted]
[debug] [2024-06-16T20:01:53.793Z] <<< [apiv2][status] POST https://www.googleapis.com/oauth2/v3/token 400
[debug] [2024-06-16T20:01:53.793Z] <<< [apiv2][body] POST https://www.googleapis.com/oauth2/v3/token [omitted]
[debug] [2024-06-16T20:01:53.793Z] >>> [apiv2][query] POST https://cloudresourcemanager.googleapis.com/v1/projects/profh-2298e:testIamPermissions [none]
[debug] [2024-06-16T20:01:53.793Z] >>> [apiv2][(partial)header] POST https://cloudresourcemanager.googleapis.com/v1/projects/profh-2298e:testIamPermissions x-goog-quota-user=projects/profh-2298e
[debug] [2024-06-16T20:01:53.793Z] >>> [apiv2][body] POST https://cloudresourcemanager.googleapis.com/v1/projects/profh-2298e:testIamPermissions {"permissions":["cloudfunctions.functions.create","cloudfunctions.functions.delete","cloudfunctions.functions.get","cloudfunctions.functions.list","cloudfunctions.functions.update","cloudfunctions.operations.get","firebase.projects.get","firebasehosting.sites.update"]}
[debug] [2024-06-16T20:01:53.943Z] <<< [apiv2][status] POST https://cloudresourcemanager.googleapis.com/v1/projects/profh-2298e:testIamPermissions 401
[debug] [2024-06-16T20:01:53.943Z] <<< [apiv2][body] POST https://cloudresourcemanager.googleapis.com/v1/projects/profh-2298e:testIamPermissions {"error":{"code":401,"message":"Request had invalid authentication credentials. Expected OAuth 2 access token, login cookie or other valid authentication credential. See https://developers.google.com/identity/sign-in/web/devconsole-project.","status":"UNAUTHENTICATED","details":[{"@type":"type.googleapis.com/google.rpc.ErrorInfo","reason":"ACCESS_TOKEN_TYPE_UNSUPPORTED","metadata":{"method":"google.cloudresourcemanager.v1.Projects.TestIamPermissions","service":"cloudresourcemanager.googleapis.com"}}]}}
[debug] [2024-06-16T20:01:53.944Z] [iam] error while checking permissions, command may fail: FirebaseError: HTTP Error: 401, Request had invalid authentication credentials. Expected OAuth 2 access token, login cookie or other valid authentication credential. See https://developers.google.com/identity/sign-in/web/devconsole-project.
[debug] [2024-06-16T20:01:53.944Z] > refreshing access token with scopes: []
[debug] [2024-06-16T20:01:53.944Z] >>> [apiv2][query] POST https://www.googleapis.com/oauth2/v3/token [none]
[debug] [2024-06-16T20:01:53.944Z] >>> [apiv2][body] POST https://www.googleapis.com/oauth2/v3/token [omitted]
[debug] [2024-06-16T20:01:54.012Z] <<< [apiv2][status] POST https://www.googleapis.com/oauth2/v3/token 400
[debug] [2024-06-16T20:01:54.012Z] <<< [apiv2][body] POST https://www.googleapis.com/oauth2/v3/token [omitted]
[debug] [2024-06-16T20:01:54.013Z] >>> [apiv2][query] POST https://iam.googleapis.com/v1/projects/profh-2298e/serviceAccounts/profh-2298e@appspot.gserviceaccount.com:testIamPermissions [none]
[debug] [2024-06-16T20:01:54.013Z] >>> [apiv2][body] POST https://iam.googleapis.com/v1/projects/profh-2298e/serviceAccounts/profh-2298e@appspot.gserviceaccount.com:testIamPermissions {"permissions":["iam.serviceAccounts.actAs"]}
[debug] [2024-06-16T20:01:54.113Z] <<< [apiv2][status] POST https://iam.googleapis.com/v1/projects/profh-2298e/serviceAccounts/profh-2298e@appspot.gserviceaccount.com:testIamPermissions 401
[debug] [2024-06-16T20:01:54.113Z] <<< [apiv2][body] POST https://iam.googleapis.com/v1/projects/profh-2298e/serviceAccounts/profh-2298e@appspot.gserviceaccount.com:testIamPermissions {"error":{"code":401,"message":"Request had invalid authentication credentials. Expected OAuth 2 access token, login cookie or other valid authentication credential. See https://developers.google.com/identity/sign-in/web/devconsole-project.","status":"UNAUTHENTICATED","details":[{"@type":"type.googleapis.com/google.rpc.ErrorInfo","reason":"ACCESS_TOKEN_TYPE_UNSUPPORTED","metadata":{"method":"google.iam.admin.v1.IAM.TestIamPermissions","service":"iam.googleapis.com"}}]}}
[debug] [2024-06-16T20:01:54.113Z] [functions] service account IAM check errored, deploy may fail: HTTP Error: 401, Request had invalid authentication credentials. Expected OAuth 2 access token, login cookie or other valid authentication credential. See https://developers.google.com/identity/sign-in/web/devconsole-project. {"name":"FirebaseError","children":[],"context":{"body":{"error":{"code":401,"message":"Request had invalid authentication credentials. Expected OAuth 2 access token, login cookie or other valid authentication credential. See https://developers.google.com/identity/sign-in/web/devconsole-project.","status":"UNAUTHENTICATED","details":[{"@type":"type.googleapis.com/google.rpc.ErrorInfo","reason":"ACCESS_TOKEN_TYPE_UNSUPPORTED","metadata":{"method":"google.iam.admin.v1.IAM.TestIamPermissions","service":"iam.googleapis.com"}}]}},"response":{"statusCode":401}},"exit":1,"message":"HTTP Error: 401, Request had invalid authentication credentials. Expected OAuth 2 access token, login cookie or other valid authentication credential. See https://developers.google.com/identity/sign-in/web/devconsole-project.","status":401}
[debug] [2024-06-16T20:01:54.115Z] > refreshing access token with scopes: []
[debug] [2024-06-16T20:01:54.115Z] >>> [apiv2][query] POST https://www.googleapis.com/oauth2/v3/token [none]
[debug] [2024-06-16T20:01:54.115Z] >>> [apiv2][body] POST https://www.googleapis.com/oauth2/v3/token [omitted]
[debug] [2024-06-16T20:01:54.201Z] <<< [apiv2][status] POST https://www.googleapis.com/oauth2/v3/token 400
[debug] [2024-06-16T20:01:54.201Z] <<< [apiv2][body] POST https://www.googleapis.com/oauth2/v3/token [omitted]
[debug] [2024-06-16T20:01:54.202Z] >>> [apiv2][query] GET https://firebase.googleapis.com/v1beta1/projects/profh-2298e [none]
[debug] [2024-06-16T20:01:54.432Z] <<< [apiv2][status] GET https://firebase.googleapis.com/v1beta1/projects/profh-2298e 401
[debug] [2024-06-16T20:01:54.432Z] <<< [apiv2][body] GET https://firebase.googleapis.com/v1beta1/projects/profh-2298e {"error":{"code":401,"message":"Request had invalid authentication credentials. Expected OAuth 2 access token, login cookie or other valid authentication credential. See https://developers.google.com/identity/sign-in/web/devconsole-project.","status":"UNAUTHENTICATED"}}
[debug] [2024-06-16T20:01:54.432Z] HTTP Error: 401, Request had invalid authentication credentials. Expected OAuth 2 access token, login cookie or other valid authentication credential. See https://developers.google.com/identity/sign-in/web/devconsole-project.
[error] 
[error] Error: Assertion failed: resolving hosting target of a site with no site name or target name. This should have caused an error earlier
